2020-03-27 07:57:31,955 ERROR 55616 [-/127.0.0.1/-/0ms GET /] nodejs.ECONNREFUSEDError: connect ECONNREFUSED 127.0.0.1:3306
    at TCPConnectWrap.afterConnect [as oncomplete] (net.js:1137:16)
    --------------------
    at Protocol._enqueue (/Users/libing/Desktop/Code/react_blog.github.io/blog_service/node_modules/mysql/lib/protocol/Protocol.js:144:48)
    at Protocol.handshake (/Users/libing/Desktop/Code/react_blog.github.io/blog_service/node_modules/mysql/lib/protocol/Protocol.js:51:23)
    at PoolConnection.connect (/Users/libing/Desktop/Code/react_blog.github.io/blog_service/node_modules/mysql/lib/Connection.js:116:18)
    at Pool.getConnection (/Users/libing/Desktop/Code/react_blog.github.io/blog_service/node_modules/mysql/lib/Pool.js:48:16)
    at /Users/libing/Desktop/Code/react_blog.github.io/blog_service/node_modules/ali-rds/node_modules/pify/index.js:29:7
    at new Promise (<anonymous>)
    at Pool.<anonymous> (/Users/libing/Desktop/Code/react_blog.github.io/blog_service/node_modules/ali-rds/node_modules/pify/index.js:12:10)
    at Pool.ret [as getConnection] (/Users/libing/Desktop/Code/react_blog.github.io/blog_service/node_modules/ali-rds/node_modules/pify/index.js:56:34)
    at Pool.query (/Users/libing/Desktop/Code/react_blog.github.io/blog_service/node_modules/mysql/lib/Pool.js:202:8)
    at /Users/libing/Desktop/Code/react_blog.github.io/blog_service/node_modules/ali-rds/node_modules/pify/index.js:29:7
    sql: select now() as currentTime;
errno: "ECONNREFUSED"
code: "ECONNREFUSED"
syscall: "connect"
address: "127.0.0.1"
port: 3306
fatal: true
name: "ECONNREFUSEDError"
pid: 55616
hostname: Evans-Li-3.local

